android/app/build/intermediates/manifest_merge_blame_file/debug/processDebugMainManifest/manifest-merger-blame-debug-report.txt
1<?xml version="1.0" encoding="utf-8"?>
2<manifest xmlns:android="http://schemas.android.com/apk/res/android"
3    package="com.weavus.app"
4    android:versionCode="1"
5    android:versionName="1.0" >
6
7    <uses-sdk
8        android:minSdkVersion="23"
9        android:targetSdkVersion="35" />
10
11    <!-- 권한 설정 -->
12    <uses-permission android:name="android.permission.INTERNET" />
12-->src/main/AndroidManifest.xml:47:5-67
12-->src/main/AndroidManifest.xml:47:22-64
13    <uses-permission android:name="android.permission.ACCESS_NETWORK_STATE" />
13-->[com.google.firebase:firebase-messaging:24.1.0] AndroidManifest.xml:22:5-79
13-->[com.google.firebase:firebase-messaging:24.1.0] AndroidManifest.xml:22:22-76
14    <uses-permission android:name="android.permission.POST_NOTIFICATIONS" />
14-->[com.google.firebase:firebase-messaging:24.1.0] AndroidManifest.xml:23:5-77
14-->[com.google.firebase:firebase-messaging:24.1.0] AndroidManifest.xml:23:22-74
15    <uses-permission android:name="android.permission.WAKE_LOCK" /> <!-- Required by older versions of Google Play services to create IID tokens -->
15-->[com.google.firebase:firebase-messaging:24.1.0] AndroidManifest.xml:24:5-68
15-->[com.google.firebase:firebase-messaging:24.1.0] AndroidManifest.xml:24:22-65
16    <uses-permission android:name="com.google.android.c2dm.permission.RECEIVE" />
16-->[com.google.firebase:firebase-messaging:24.1.0] AndroidManifest.xml:26:5-82
16-->[com.google.firebase:firebase-messaging:24.1.0] AndroidManifest.xml:26:22-79
17
18    <permission
18-->[androidx.core:core:1.15.0] AndroidManifest.xml:22:5-24:47
19        android:name="com.weavus.app.DYNAMIC_RECEIVER_NOT_EXPORTED_PERMISSION"
19-->[androidx.core:core:1.15.0] AndroidManifest.xml:23:9-81
20        android:protectionLevel="signature" />
20-->[androidx.core:core:1.15.0] AndroidManifest.xml:24:9-44
21
22    <uses-permission android:name="com.weavus.app.DYNAMIC_RECEIVER_NOT_EXPORTED_PERMISSION" />
22-->[androidx.core:core:1.15.0] AndroidManifest.xml:26:5-97
22-->[androidx.core:core:1.15.0] AndroidManifest.xml:26:22-94
23
24    <application
24-->src/main/AndroidManifest.xml:4:5-44:19
25        android:allowBackup="true"
25-->src/main/AndroidManifest.xml:5:9-35
26        android:appComponentFactory="androidx.core.app.CoreComponentFactory"
26-->[androidx.core:core:1.15.0] AndroidManifest.xml:28:18-86
27        android:debuggable="true"
28        android:extractNativeLibs="false"
29        android:icon="@mipmap/ic_launcher"
29-->src/main/AndroidManifest.xml:6:9-43
30        android:label="@string/app_name"
30-->src/main/AndroidManifest.xml:7:9-41
31        android:roundIcon="@mipmap/ic_launcher_round"
31-->src/main/AndroidManifest.xml:8:9-54
32        android:supportsRtl="true"
32-->src/main/AndroidManifest.xml:9:9-35
33        android:theme="@style/AppTheme" >
33-->src/main/AndroidManifest.xml:10:9-40
34
35        <!-- SplashActivity를 시작 액티비티로 설정 -->
36        <activity
36-->src/main/AndroidManifest.xml:13:9-24:20
37            android:name="com.weavus.app.SplashActivity"
37-->src/main/AndroidManifest.xml:14:13-57
38            android:configChanges="orientation|keyboardHidden|keyboard|screenSize|smallestScreenSize|locale|layoutDirection|screenLayout|fontScale"
38-->src/main/AndroidManifest.xml:17:13-148
39            android:exported="true"
39-->src/main/AndroidManifest.xml:19:13-36
40            android:label="@string/app_name"
40-->src/main/AndroidManifest.xml:15:13-45
41            android:launchMode="singleTask"
41-->src/main/AndroidManifest.xml:18:13-44
42            android:theme="@style/Theme.AppCompat.Light.NoActionBar" >
42-->src/main/AndroidManifest.xml:16:13-69
43            <intent-filter>
43-->src/main/AndroidManifest.xml:20:13-23:29
44                <action android:name="android.intent.action.MAIN" />
44-->src/main/AndroidManifest.xml:21:17-69
44-->src/main/AndroidManifest.xml:21:25-66
45
46                <category android:name="android.intent.category.LAUNCHER" />
46-->src/main/AndroidManifest.xml:22:17-77
46-->src/main/AndroidManifest.xml:22:27-74
47            </intent-filter>
48        </activity>
49
50        <!-- MainActivity는 SplashActivity 종료 후 호출됩니다 -->
51        <activity
51-->src/main/AndroidManifest.xml:27:9-33:20
52            android:name="com.weavus.app.MainActivity"
52-->src/main/AndroidManifest.xml:28:13-55
53            android:exported="true"
53-->src/main/AndroidManifest.xml:32:13-36
54            android:label="@string/title_activity_main"
54-->src/main/AndroidManifest.xml:29:13-56
55            android:launchMode="standard"
55-->src/main/AndroidManifest.xml:31:13-42
56            android:theme="@style/AppTheme.NoActionBarLaunch" >
56-->src/main/AndroidManifest.xml:30:13-62
57        </activity>
58
59        <provider
60            android:name="androidx.core.content.FileProvider"
60-->src/main/AndroidManifest.xml:36:13-62
61            android:authorities="com.weavus.app.fileprovider"
61-->src/main/AndroidManifest.xml:37:13-64
62            android:exported="false"
62-->src/main/AndroidManifest.xml:38:13-37
63            android:grantUriPermissions="true" >
63-->src/main/AndroidManifest.xml:39:13-47
64            <meta-data
64-->src/main/AndroidManifest.xml:40:13-42:64
65                android:name="android.support.FILE_PROVIDER_PATHS"
65-->src/main/AndroidManifest.xml:41:17-67
66                android:resource="@xml/file_paths" />
66-->src/main/AndroidManifest.xml:42:17-51
67        </provider>
68
69        <service
69-->[:capacitor-push-notifications] AndroidManifest.xml:8:9-14:19
70            android:name="com.capacitorjs.plugins.pushnotifications.MessagingService"
70-->[:capacitor-push-notifications] AndroidManifest.xml:9:13-86
71            android:exported="false" >
71-->[:capacitor-push-notifications] AndroidManifest.xml:10:13-37
72            <intent-filter>
72-->[:capacitor-push-notifications] AndroidManifest.xml:11:13-13:29
73                <action android:name="com.google.firebase.MESSAGING_EVENT" />
73-->[:capacitor-push-notifications] AndroidManifest.xml:12:17-78
73-->[:capacitor-push-notifications] AndroidManifest.xml:12:25-75
74            </intent-filter>
75        </service>
76
77        <receiver
77-->[com.google.firebase:firebase-messaging:24.1.0] AndroidManifest.xml:29:9-40:20
78            android:name="com.google.firebase.iid.FirebaseInstanceIdReceiver"
78-->[com.google.firebase:firebase-messaging:24.1.0] AndroidManifest.xml:30:13-78
79            android:exported="true"
79-->[com.google.firebase:firebase-messaging:24.1.0] AndroidManifest.xml:31:13-36
80            android:permission="com.google.android.c2dm.permission.SEND" >
80-->[com.google.firebase:firebase-messaging:24.1.0] AndroidManifest.xml:32:13-73
81            <intent-filter>
81-->[com.google.firebase:firebase-messaging:24.1.0] AndroidManifest.xml:33:13-35:29
82                <action android:name="com.google.android.c2dm.intent.RECEIVE" />
82-->[com.google.firebase:firebase-messaging:24.1.0] AndroidManifest.xml:34:17-81
82-->[com.google.firebase:firebase-messaging:24.1.0] AndroidManifest.xml:34:25-78
83            </intent-filter>
84
85            <meta-data
85-->[com.google.firebase:firebase-messaging:24.1.0] AndroidManifest.xml:37:13-39:40
86                android:name="com.google.android.gms.cloudmessaging.FINISHED_AFTER_HANDLED"
86-->[com.google.firebase:firebase-messaging:24.1.0] AndroidManifest.xml:38:17-92
87                android:value="true" />
87-->[com.google.firebase:firebase-messaging:24.1.0] AndroidManifest.xml:39:17-37
88        </receiver>
89        <!--
90             FirebaseMessagingService performs security checks at runtime,
91             but set to not exported to explicitly avoid allowing another app to call it.
92        -->
93        <service
93-->[com.google.firebase:firebase-messaging:24.1.0] AndroidManifest.xml:46:9-53:19
94            android:name="com.google.firebase.messaging.FirebaseMessagingService"
94-->[com.google.firebase:firebase-messaging:24.1.0] AndroidManifest.xml:47:13-82
95            android:directBootAware="true"
95-->[com.google.firebase:firebase-messaging:24.1.0] AndroidManifest.xml:48:13-43
96            android:exported="false" >
96-->[com.google.firebase:firebase-messaging:24.1.0] AndroidManifest.xml:49:13-37
97            <intent-filter android:priority="-500" >
97-->[:capacitor-push-notifications] AndroidManifest.xml:11:13-13:29
98                <action android:name="com.google.firebase.MESSAGING_EVENT" />
98-->[:capacitor-push-notifications] AndroidManifest.xml:12:17-78
98-->[:capacitor-push-notifications] AndroidManifest.xml:12:25-75
99            </intent-filter>
100        </service>
101        <service
101-->[com.google.firebase:firebase-messaging:24.1.0] AndroidManifest.xml:54:9-63:19
102            android:name="com.google.firebase.components.ComponentDiscoveryService"
102-->[com.google.firebase:firebase-messaging:24.1.0] AndroidManifest.xml:55:13-84
103            android:directBootAware="true"
103-->[com.google.firebase:firebase-common:21.0.0] AndroidManifest.xml:32:13-43
104            android:exported="false" >
104-->[com.google.firebase:firebase-messaging:24.1.0] AndroidManifest.xml:56:13-37
105            <meta-data
105-->[com.google.firebase:firebase-messaging:24.1.0] AndroidManifest.xml:57:13-59:85
106                android:name="com.google.firebase.components:com.google.firebase.messaging.FirebaseMessagingKtxRegistrar"
106-->[com.google.firebase:firebase-messaging:24.1.0] AndroidManifest.xml:58:17-122
107                android:value="com.google.firebase.components.ComponentRegistrar" />
107-->[com.google.firebase:firebase-messaging:24.1.0] AndroidManifest.xml:59:17-82
108            <meta-data
108-->[com.google.firebase:firebase-messaging:24.1.0] AndroidManifest.xml:60:13-62:85
109                android:name="com.google.firebase.components:com.google.firebase.messaging.FirebaseMessagingRegistrar"
109-->[com.google.firebase:firebase-messaging:24.1.0] AndroidManifest.xml:61:17-119
110                android:value="com.google.firebase.components.ComponentRegistrar" />
110-->[com.google.firebase:firebase-messaging:24.1.0] AndroidManifest.xml:62:17-82
111            <meta-data
111-->[com.google.firebase:firebase-installations:17.2.0] AndroidManifest.xml:15:13-17:85
112                android:name="com.google.firebase.components:com.google.firebase.installations.FirebaseInstallationsKtxRegistrar"
112-->[com.google.firebase:firebase-installations:17.2.0] AndroidManifest.xml:16:17-130
113                android:value="com.google.firebase.components.ComponentRegistrar" />
113-->[com.google.firebase:firebase-installations:17.2.0] AndroidManifest.xml:17:17-82
114            <meta-data
114-->[com.google.firebase:firebase-installations:17.2.0] AndroidManifest.xml:18:13-20:85
115                android:name="com.google.firebase.components:com.google.firebase.installations.FirebaseInstallationsRegistrar"
115-->[com.google.firebase:firebase-installations:17.2.0] AndroidManifest.xml:19:17-127
116                android:value="com.google.firebase.components.ComponentRegistrar" />
116-->[com.google.firebase:firebase-installations:17.2.0] AndroidManifest.xml:20:17-82
117            <meta-data
117-->[com.google.firebase:firebase-common-ktx:21.0.0] AndroidManifest.xml:12:13-14:85
118                android:name="com.google.firebase.components:com.google.firebase.ktx.FirebaseCommonLegacyRegistrar"
118-->[com.google.firebase:firebase-common-ktx:21.0.0] AndroidManifest.xml:13:17-116
119                android:value="com.google.firebase.components.ComponentRegistrar" />
119-->[com.google.firebase:firebase-common-ktx:21.0.0] AndroidManifest.xml:14:17-82
120            <meta-data
120-->[com.google.firebase:firebase-common:21.0.0] AndroidManifest.xml:35:13-37:85
121                android:name="com.google.firebase.components:com.google.firebase.FirebaseCommonKtxRegistrar"
121-->[com.google.firebase:firebase-common:21.0.0] AndroidManifest.xml:36:17-109
122                android:value="com.google.firebase.components.ComponentRegistrar" />
122-->[com.google.firebase:firebase-common:21.0.0] AndroidManifest.xml:37:17-82
123            <meta-data
123-->[com.google.firebase:firebase-datatransport:18.2.0] AndroidManifest.xml:25:13-27:85
124                android:name="com.google.firebase.components:com.google.firebase.datatransport.TransportRegistrar"
124-->[com.google.firebase:firebase-datatransport:18.2.0] AndroidManifest.xml:26:17-115
125                android:value="com.google.firebase.components.ComponentRegistrar" />
125-->[com.google.firebase:firebase-datatransport:18.2.0] AndroidManifest.xml:27:17-82
126        </service>
127
128        <activity
128-->[com.google.android.gms:play-services-base:18.0.1] AndroidManifest.xml:20:9-22:45
129            android:name="com.google.android.gms.common.api.GoogleApiActivity"
129-->[com.google.android.gms:play-services-base:18.0.1] AndroidManifest.xml:20:19-85
130            android:exported="false"
130-->[com.google.android.gms:play-services-base:18.0.1] AndroidManifest.xml:22:19-43
131            android:theme="@android:style/Theme.Translucent.NoTitleBar" />
131-->[com.google.android.gms:play-services-base:18.0.1] AndroidManifest.xml:21:19-78
132
133        <provider
133-->[com.google.firebase:firebase-common:21.0.0] AndroidManifest.xml:23:9-28:39
134            android:name="com.google.firebase.provider.FirebaseInitProvider"
134-->[com.google.firebase:firebase-common:21.0.0] AndroidManifest.xml:24:13-77
135            android:authorities="com.weavus.app.firebaseinitprovider"
135-->[com.google.firebase:firebase-common:21.0.0] AndroidManifest.xml:25:13-72
136            android:directBootAware="true"
136-->[com.google.firebase:firebase-common:21.0.0] AndroidManifest.xml:26:13-43
137            android:exported="false"
137-->[com.google.firebase:firebase-common:21.0.0] AndroidManifest.xml:27:13-37
138            android:initOrder="100" />
138-->[com.google.firebase:firebase-common:21.0.0] AndroidManifest.xml:28:13-36
139        <provider
139-->[androidx.emoji2:emoji2:1.3.0] AndroidManifest.xml:24:9-32:20
140            android:name="androidx.startup.InitializationProvider"
140-->[androidx.emoji2:emoji2:1.3.0] AndroidManifest.xml:25:13-67
141            android:authorities="com.weavus.app.androidx-startup"
141-->[androidx.emoji2:emoji2:1.3.0] AndroidManifest.xml:26:13-68
142            android:exported="false" >
142-->[androidx.emoji2:emoji2:1.3.0] AndroidManifest.xml:27:13-37
143            <meta-data
143-->[androidx.emoji2:emoji2:1.3.0] AndroidManifest.xml:29:13-31:52
144                android:name="androidx.emoji2.text.EmojiCompatInitializer"
144-->[androidx.emoji2:emoji2:1.3.0] AndroidManifest.xml:30:17-75
145                android:value="androidx.startup" />
145-->[androidx.emoji2:emoji2:1.3.0] AndroidManifest.xml:31:17-49
146            <meta-data
146-->[androidx.lifecycle:lifecycle-process:2.6.2] AndroidManifest.xml:29:13-31:52
147                android:name="androidx.lifecycle.ProcessLifecycleInitializer"
147-->[androidx.lifecycle:lifecycle-process:2.6.2] AndroidManifest.xml:30:17-78
148                android:value="androidx.startup" />
148-->[androidx.lifecycle:lifecycle-process:2.6.2] AndroidManifest.xml:31:17-49
149            <meta-data
149-->[androidx.profileinstaller:profileinstaller:1.3.1] AndroidManifest.xml:29:13-31:52
150                android:name="androidx.profileinstaller.ProfileInstallerInitializer"
150-->[androidx.profileinstaller:profileinstaller:1.3.1] AndroidManifest.xml:30:17-85
151                android:value="androidx.startup" />
151-->[androidx.profileinstaller:profileinstaller:1.3.1] AndroidManifest.xml:31:17-49
152        </provider>
153
154        <meta-data
154-->[com.google.android.gms:play-services-basement:18.3.0] AndroidManifest.xml:21:9-23:69
155            android:name="com.google.android.gms.version"
155-->[com.google.android.gms:play-services-basement:18.3.0] AndroidManifest.xml:22:13-58
156            android:value="@integer/google_play_services_version" />
156-->[com.google.android.gms:play-services-basement:18.3.0] AndroidManifest.xml:23:13-66
157
158        <receiver
158-->[androidx.profileinstaller:profileinstaller:1.3.1] AndroidManifest.xml:34:9-52:20
159            android:name="androidx.profileinstaller.ProfileInstallReceiver"
159-->[androidx.profileinstaller:profileinstaller:1.3.1] AndroidManifest.xml:35:13-76
160            android:directBootAware="false"
160-->[androidx.profileinstaller:profileinstaller:1.3.1] AndroidManifest.xml:36:13-44
161            android:enabled="true"
161-->[androidx.profileinstaller:profileinstaller:1.3.1] AndroidManifest.xml:37:13-35
162            android:exported="true"
162-->[androidx.profileinstaller:profileinstaller:1.3.1] AndroidManifest.xml:38:13-36
163            android:permission="android.permission.DUMP" >
163-->[androidx.profileinstaller:profileinstaller:1.3.1] AndroidManifest.xml:39:13-57
164            <intent-filter>
164-->[androidx.profileinstaller:profileinstaller:1.3.1] AndroidManifest.xml:40:13-42:29
165                <action android:name="androidx.profileinstaller.action.INSTALL_PROFILE" />
165-->[androidx.profileinstaller:profileinstaller:1.3.1] AndroidManifest.xml:41:17-91
165-->[androidx.profileinstaller:profileinstaller:1.3.1] AndroidManifest.xml:41:25-88
166            </intent-filter>
167            <intent-filter>
167-->[androidx.profileinstaller:profileinstaller:1.3.1] AndroidManifest.xml:43:13-45:29
168                <action android:name="androidx.profileinstaller.action.SKIP_FILE" />
168-->[androidx.profileinstaller:profileinstaller:1.3.1] AndroidManifest.xml:44:17-85
168-->[androidx.profileinstaller:profileinstaller:1.3.1] AndroidManifest.xml:44:25-82
169            </intent-filter>
170            <intent-filter>
170-->[androidx.profileinstaller:profileinstaller:1.3.1] AndroidManifest.xml:46:13-48:29
171                <action android:name="androidx.profileinstaller.action.SAVE_PROFILE" />
171-->[androidx.profileinstaller:profileinstaller:1.3.1] AndroidManifest.xml:47:17-88
171-->[androidx.profileinstaller:profileinstaller:1.3.1] AndroidManifest.xml:47:25-85
172            </intent-filter>
173            <intent-filter>
173-->[androidx.profileinstaller:profileinstaller:1.3.1] AndroidManifest.xml:49:13-51:29
174                <action android:name="androidx.profileinstaller.action.BENCHMARK_OPERATION" />
174-->[androidx.profileinstaller:profileinstaller:1.3.1] AndroidManifest.xml:50:17-95
174-->[androidx.profileinstaller:profileinstaller:1.3.1] AndroidManifest.xml:50:25-92
175            </intent-filter>
176        </receiver>
177
178        <service
178-->[com.google.android.datatransport:transport-backend-cct:3.1.9] AndroidManifest.xml:28:9-34:19
179            android:name="com.google.android.datatransport.runtime.backends.TransportBackendDiscovery"
179-->[com.google.android.datatransport:transport-backend-cct:3.1.9] AndroidManifest.xml:29:13-103
180            android:exported="false" >
180-->[com.google.android.datatransport:transport-backend-cct:3.1.9] AndroidManifest.xml:30:13-37
181            <meta-data
181-->[com.google.android.datatransport:transport-backend-cct:3.1.9] AndroidManifest.xml:31:13-33:39
182                android:name="backend:com.google.android.datatransport.cct.CctBackendFactory"
182-->[com.google.android.datatransport:transport-backend-cct:3.1.9] AndroidManifest.xml:32:17-94
183                android:value="cct" />
183-->[com.google.android.datatransport:transport-backend-cct:3.1.9] AndroidManifest.xml:33:17-36
184        </service>
185        <service
185-->[com.google.android.datatransport:transport-runtime:3.1.9] AndroidManifest.xml:26:9-30:19
186            android:name="com.google.android.datatransport.runtime.scheduling.jobscheduling.JobInfoSchedulerService"
186-->[com.google.android.datatransport:transport-runtime:3.1.9] AndroidManifest.xml:27:13-117
187            android:exported="false"
187-->[com.google.android.datatransport:transport-runtime:3.1.9] AndroidManifest.xml:28:13-37
188            android:permission="android.permission.BIND_JOB_SERVICE" >
188-->[com.google.android.datatransport:transport-runtime:3.1.9] AndroidManifest.xml:29:13-69
189        </service>
190
191        <receiver
191-->[com.google.android.datatransport:transport-runtime:3.1.9] AndroidManifest.xml:32:9-34:40
192            android:name="com.google.android.datatransport.runtime.scheduling.jobscheduling.AlarmManagerSchedulerBroadcastReceiver"
192-->[com.google.android.datatransport:transport-runtime:3.1.9] AndroidManifest.xml:33:13-132
193            android:exported="false" />
193-->[com.google.android.datatransport:transport-runtime:3.1.9] AndroidManifest.xml:34:13-37
194    </application>
195
196</manifest>